[colorlib.com/etc/bwiz/colorlib-wizard-18/index.html]
[backblue.gif]
[fade.gif]
[index.html]
[colorlib.com/etc/bwiz/colorlib-wizard-18/fonts/material-icon/css/material-design-iconic-font.min.css]
[colorlib.com/etc/bwiz/colorlib-wizard-18/css/style.css]
[colorlib.com/etc/bwiz/colorlib-wizard-18/images/signup-img-1.png]
[colorlib.com/etc/bwiz/colorlib-wizard-18/images/signup-img-2.png]
[colorlib.com/etc/bwiz/colorlib-wizard-18/images/signup-img-3.png]
[colorlib.com/etc/bwiz/colorlib-wizard-18/vendor/jquery/jquery.min.js]
[colorlib.com/etc/bwiz/colorlib-wizard-18/vendor/jquery-validation/dist/jquery.validate.min.js]
[colorlib.com/etc/bwiz/colorlib-wizard-18/vendor/jquery-validation/dist/additional-methods.min.js]
[colorlib.com/etc/bwiz/colorlib-wizard-18/vendor/jquery-steps/jquery.steps.min.js]
[colorlib.com/etc/bwiz/colorlib-wizard-18/js/main.js]
[colorlib.com/etc/bwiz/colorlib-wizard-18/index.html]
[ajax.cloudflare.com/cdn-cgi/scripts/7089c43e/cloudflare-static/rocket-loader.min.js]
[colorlib.com/etc/bwiz/colorlib-wizard-18/fonts/material-icon/fonts/Material-Design-Iconic-Fontd1f1.woff2]
[colorlib.com/etc/bwiz/colorlib-wizard-18/fonts/material-icon/fonts/Material-Design-Iconic-Fontd1f1.woff]
[colorlib.com/etc/bwiz/colorlib-wizard-18/fonts/material-icon/css/material-design-iconic-font.min.css]
[colorlib.com/etc/bwiz/colorlib-wizard-18/fonts/material-icon/fonts/Material-Design-Iconic-Fontd1f1.ttf]
[colorlib.com/etc/bwiz/colorlib-wizard-18/fonts/poppins/poppins-v5-latin-300.eot]
[colorlib.com/etc/bwiz/colorlib-wizard-18/fonts/poppins/poppins-v5-latin-300d41d.eot]
[colorlib.com/etc/bwiz/colorlib-wizard-18/fonts/poppins/poppins-v5-latin-300.woff2]
[colorlib.com/etc/bwiz/colorlib-wizard-18/fonts/poppins/poppins-v5-latin-300.woff]
[colorlib.com/etc/bwiz/colorlib-wizard-18/fonts/poppins/poppins-v5-latin-300.ttf]
[colorlib.com/etc/bwiz/colorlib-wizard-18/fonts/poppins/poppins-v5-latin-300.svg]
[colorlib.com/etc/bwiz/colorlib-wizard-18/fonts/poppins/poppins-v5-latin-300italic.eot]
[colorlib.com/etc/bwiz/colorlib-wizard-18/fonts/poppins/poppins-v5-latin-300italicd41d.eot]
[colorlib.com/etc/bwiz/colorlib-wizard-18/fonts/poppins/poppins-v5-latin-300italic.woff2]
[colorlib.com/etc/bwiz/colorlib-wizard-18/fonts/poppins/poppins-v5-latin-300italic.woff]
[colorlib.com/etc/bwiz/colorlib-wizard-18/fonts/poppins/poppins-v5-latin-300italic.ttf]
[colorlib.com/etc/bwiz/colorlib-wizard-18/fonts/poppins/poppins-v5-latin-300italic.svg]
[colorlib.com/etc/bwiz/colorlib-wizard-18/fonts/poppins/poppins-v5-latin-regular.eot]
[colorlib.com/etc/bwiz/colorlib-wizard-18/fonts/poppins/poppins-v5-latin-regulard41d.eot]
[colorlib.com/etc/bwiz/colorlib-wizard-18/fonts/poppins/poppins-v5-latin-regular.woff2]
[colorlib.com/etc/bwiz/colorlib-wizard-18/fonts/poppins/poppins-v5-latin-regular.woff]
[colorlib.com/etc/bwiz/colorlib-wizard-18/fonts/poppins/poppins-v5-latin-regular.ttf]
[colorlib.com/etc/bwiz/colorlib-wizard-18/fonts/poppins/poppins-v5-latin-regular.svg]
[colorlib.com/etc/bwiz/colorlib-wizard-18/fonts/poppins/poppins-v5-latin-italic.eot]
[colorlib.com/etc/bwiz/colorlib-wizard-18/fonts/poppins/poppins-v5-latin-italicd41d.eot]
[colorlib.com/etc/bwiz/colorlib-wizard-18/fonts/poppins/poppins-v5-latin-italic.woff2]
[colorlib.com/etc/bwiz/colorlib-wizard-18/fonts/poppins/poppins-v5-latin-italic.woff]
[colorlib.com/etc/bwiz/colorlib-wizard-18/fonts/poppins/poppins-v5-latin-italic.ttf]
[colorlib.com/etc/bwiz/colorlib-wizard-18/fonts/poppins/poppins-v5-latin-italic.svg]
[colorlib.com/etc/bwiz/colorlib-wizard-18/fonts/poppins/poppins-v5-latin-500.eot]
[colorlib.com/etc/bwiz/colorlib-wizard-18/fonts/poppins/poppins-v5-latin-500d41d.eot]
[colorlib.com/etc/bwiz/colorlib-wizard-18/fonts/poppins/poppins-v5-latin-500.woff2]
[colorlib.com/etc/bwiz/colorlib-wizard-18/fonts/poppins/poppins-v5-latin-500.woff]
[colorlib.com/etc/bwiz/colorlib-wizard-18/fonts/poppins/poppins-v5-latin-500.ttf]
[colorlib.com/etc/bwiz/colorlib-wizard-18/fonts/poppins/poppins-v5-latin-500.svg]
[colorlib.com/etc/bwiz/colorlib-wizard-18/fonts/poppins/poppins-v5-latin-500italic.eot]
[colorlib.com/etc/bwiz/colorlib-wizard-18/fonts/poppins/poppins-v5-latin-500italicd41d.eot]
[colorlib.com/etc/bwiz/colorlib-wizard-18/fonts/poppins/poppins-v5-latin-500italic.woff2]
[colorlib.com/etc/bwiz/colorlib-wizard-18/fonts/poppins/poppins-v5-latin-500italic.woff]
[colorlib.com/etc/bwiz/colorlib-wizard-18/fonts/poppins/poppins-v5-latin-500italic.ttf]
[colorlib.com/etc/bwiz/colorlib-wizard-18/fonts/poppins/poppins-v5-latin-500italic.svg]
[colorlib.com/etc/bwiz/colorlib-wizard-18/fonts/poppins/poppins-v5-latin-600.eot]
[colorlib.com/etc/bwiz/colorlib-wizard-18/fonts/poppins/poppins-v5-latin-600d41d.eot]
[colorlib.com/etc/bwiz/colorlib-wizard-18/fonts/poppins/poppins-v5-latin-600.woff2]
[colorlib.com/etc/bwiz/colorlib-wizard-18/fonts/poppins/poppins-v5-latin-600.woff]
[colorlib.com/etc/bwiz/colorlib-wizard-18/fonts/poppins/poppins-v5-latin-600.ttf]
[colorlib.com/etc/bwiz/colorlib-wizard-18/fonts/poppins/poppins-v5-latin-600.svg]
[colorlib.com/etc/bwiz/colorlib-wizard-18/fonts/poppins/poppins-v5-latin-700.eot]
[colorlib.com/etc/bwiz/colorlib-wizard-18/fonts/poppins/poppins-v5-latin-700d41d.eot]
[colorlib.com/etc/bwiz/colorlib-wizard-18/fonts/poppins/poppins-v5-latin-700.woff2]
[colorlib.com/etc/bwiz/colorlib-wizard-18/fonts/poppins/poppins-v5-latin-700.woff]
[colorlib.com/etc/bwiz/colorlib-wizard-18/fonts/poppins/poppins-v5-latin-700.ttf]
[colorlib.com/etc/bwiz/colorlib-wizard-18/fonts/poppins/poppins-v5-latin-700.svg]
[colorlib.com/etc/bwiz/colorlib-wizard-18/fonts/poppins/poppins-v5-latin-700italic.eot]
[colorlib.com/etc/bwiz/colorlib-wizard-18/fonts/poppins/poppins-v5-latin-700italicd41d.eot]
[colorlib.com/etc/bwiz/colorlib-wizard-18/fonts/poppins/poppins-v5-latin-700italic.woff2]
[colorlib.com/etc/bwiz/colorlib-wizard-18/fonts/poppins/poppins-v5-latin-700italic.woff]
[colorlib.com/etc/bwiz/colorlib-wizard-18/fonts/poppins/poppins-v5-latin-700italic.ttf]
[colorlib.com/etc/bwiz/colorlib-wizard-18/fonts/poppins/poppins-v5-latin-700italic.svg]
[colorlib.com/etc/bwiz/colorlib-wizard-18/fonts/poppins/poppins-v5-latin-800.eot]
[colorlib.com/etc/bwiz/colorlib-wizard-18/fonts/poppins/poppins-v5-latin-800d41d.eot]
[colorlib.com/etc/bwiz/colorlib-wizard-18/fonts/poppins/poppins-v5-latin-800.woff2]
[colorlib.com/etc/bwiz/colorlib-wizard-18/fonts/poppins/poppins-v5-latin-800.woff]
[colorlib.com/etc/bwiz/colorlib-wizard-18/fonts/poppins/poppins-v5-latin-800.ttf]
[colorlib.com/etc/bwiz/colorlib-wizard-18/fonts/poppins/poppins-v5-latin-800.svg]
[colorlib.com/etc/bwiz/colorlib-wizard-18/fonts/poppins/poppins-v5-latin-800italic.eot]
[colorlib.com/etc/bwiz/colorlib-wizard-18/fonts/poppins/poppins-v5-latin-800italicd41d.eot]
[colorlib.com/etc/bwiz/colorlib-wizard-18/fonts/poppins/poppins-v5-latin-800italic.woff2]
[colorlib.com/etc/bwiz/colorlib-wizard-18/fonts/poppins/poppins-v5-latin-800italic.woff]
[colorlib.com/etc/bwiz/colorlib-wizard-18/fonts/poppins/poppins-v5-latin-800italic.ttf]
[colorlib.com/etc/bwiz/colorlib-wizard-18/fonts/poppins/poppins-v5-latin-800italic.svg]
[colorlib.com/etc/bwiz/colorlib-wizard-18/fonts/poppins/poppins-v5-latin-900.eot]
[colorlib.com/etc/bwiz/colorlib-wizard-18/fonts/poppins/poppins-v5-latin-900d41d.eot]
[colorlib.com/etc/bwiz/colorlib-wizard-18/fonts/poppins/poppins-v5-latin-900.woff2]
[colorlib.com/etc/bwiz/colorlib-wizard-18/fonts/poppins/poppins-v5-latin-900.woff]
[colorlib.com/etc/bwiz/colorlib-wizard-18/fonts/poppins/poppins-v5-latin-900.ttf]
[colorlib.com/etc/bwiz/colorlib-wizard-18/fonts/poppins/poppins-v5-latin-900.svg]
[colorlib.com/etc/bwiz/colorlib-wizard-18/fonts/montserrat/Montserrat-Light.ttf]
[colorlib.com/etc/bwiz/colorlib-wizard-18/fonts/montserrat/Montserrat-Regular.ttf]
[colorlib.com/etc/bwiz/colorlib-wizard-18/fonts/montserrat/Montserrat-Italic.ttf]
[colorlib.com/etc/bwiz/colorlib-wizard-18/fonts/montserrat/Montserrat-Medium.ttf]
[colorlib.com/etc/bwiz/colorlib-wizard-18/fonts/montserrat/Montserrat-SemiBold.ttf]
[colorlib.com/etc/bwiz/colorlib-wizard-18/fonts/montserrat/Montserrat-Bold.ttf]
[colorlib.com/etc/bwiz/colorlib-wizard-18/fonts/montserrat/Montserrat-BoldItalic.ttf]
[colorlib.com/etc/bwiz/colorlib-wizard-18/fonts/montserrat/Montserrat-Black.ttf]
[colorlib.com/etc/bwiz/colorlib-wizard-18/fonts/montserrat/Montserrat-BlackItalic.ttf]
[colorlib.com/etc/bwiz/colorlib-wizard-18/fonts/montserrat/montserrat-v12-latin-900.ttf]
[colorlib.com/etc/bwiz/colorlib-wizard-18/fonts/montserrat/montserrat-v12-latin-900.eot]
[colorlib.com/etc/bwiz/colorlib-wizard-18/fonts/montserrat/montserrat-v12-latin-900.svg]
[colorlib.com/etc/bwiz/colorlib-wizard-18/fonts/montserrat/montserrat-v12-latin-900.woff]
[colorlib.com/etc/bwiz/colorlib-wizard-18/fonts/montserrat/montserrat-v12-latin-900.woff2]
[colorlib.com/etc/bwiz/colorlib-wizard-18/css/style.css]
[colorlib.com/etc/bwiz/colorlib-wizard-18/fonts/poppins/poppins-v5-latin-300.svg]
[colorlib.com/etc/bwiz/colorlib-wizard-18/fonts/poppins/poppins-v5-latin-300italic.svg]
[colorlib.com/etc/bwiz/colorlib-wizard-18/fonts/poppins/poppins-v5-latin-regular.svg]
[colorlib.com/etc/bwiz/colorlib-wizard-18/fonts/poppins/poppins-v5-latin-italic.svg]
[colorlib.com/etc/bwiz/colorlib-wizard-18/fonts/poppins/poppins-v5-latin-500.svg]
[colorlib.com/etc/bwiz/colorlib-wizard-18/fonts/poppins/poppins-v5-latin-500italic.svg]
[colorlib.com/etc/bwiz/colorlib-wizard-18/fonts/poppins/poppins-v5-latin-600.svg]
[colorlib.com/etc/bwiz/colorlib-wizard-18/fonts/poppins/poppins-v5-latin-700.svg]
[colorlib.com/etc/bwiz/colorlib-wizard-18/fonts/poppins/poppins-v5-latin-700italic.svg]
[colorlib.com/etc/bwiz/colorlib-wizard-18/fonts/poppins/poppins-v5-latin-800.svg]
[colorlib.com/etc/bwiz/colorlib-wizard-18/fonts/poppins/poppins-v5-latin-800italic.svg]
[colorlib.com/etc/bwiz/colorlib-wizard-18/fonts/poppins/poppins-v5-latin-900.svg]
[colorlib.com/etc/bwiz/colorlib-wizard-18/fonts/montserrat/montserrat-v12-latin-900.svg]
